1542089281107	mozrunner::runner	INFO	Running command: "C:\\Program Files (x86)\\Mozilla Firefox\\firefox.exe" "-marionette" "-foreground" "-no-remote" "-profile" "C:\\Users\\HUGUAN~1\\AppData\\Local\\Temp\\rust_mozprofile.9oPpyAUwiMHf"
1542089288301	Marionette	INFO	Listening on port 49638
1542089288446	Marionette	WARN	TLS certificate errors will be ignored for this session
1542089288509	Marionette	DEBUG	[6442450945] Frame script loaded
1542089288520	Marionette	DEBUG	[6442450945] Frame script registered
1542089289023	Marionette	DEBUG	[6442450945] Received DOM event beforeunload for about:blank
1542089289846	Marionette	DEBUG	[6442450945] Received DOM event pagehide for about:blank
1542089289926	Marionette	DEBUG	[6442450945] Received DOM event DOMContentLoaded for http://baidu.com/
1542089291739	Marionette	DEBUG	[6442450945] Received DOM event pageshow for http://baidu.com/
JavaScript error: https://ss1.bdstatic.com/5eN1bjq8AAUYm2zgoY3K/r/www/cache/static/protocol/https/plugins/every_cookie_4644b13.js, line 4: ReferenceError: c is not defined
[Child 10952, Chrome_ChildThread] WARNING: pipe error: 109: file z:/build/build/src/ipc/chromium/src/chrome/common/ipc_channel_win.cc, line 346
1542089416114	Marionette	INFO	Stopped listening on port 49638
[GPU 15528, Chrome_ChildThread] WARNING: pipe error: 109: file z:/build/build/src/ipc/chromium/src/chrome/common/ipc_channel_win.cc, line 346

###!!! [Child][MessageChannel::SendAndWait] Error: Channel error: cannot send/recv

ed
1542089303058	Marionette	DEBUG	[6442450945] Frame script registered
1542089303074	Marionette	DEBUG	[6442450945] Received DOM event beforeunload for about:blank
1542089304759	Marionette	DEBUG	[6442450945] Received DOM event pagehide for about:blank
JavaScript error: https://ss1.bdstatic.com/5eN1bjq8AAUYm2zgoY3K/r/www/cache/static/protocol/https/plugins/every_cookie_4644b13.js, line 4: ReferenceError: c is not defined
1542089305722	Marionette	DEBUG	[6442450945] Received DOM event DOMContentLoaded for https://www.baidu.com/
1542089305900	Marionette	DEBUG	[6442450945] Received DOM event pageshow for https://www.baidu.com/
[Child 14004, Chrome_ChildThread] WARNING: pipe error: 109: file z:/build/build/src/ipc/chromium/src/chrome/common/ipc_channel_win.cc, line 346
[Child 7884, Chrome_ChildThread] WARNING: pipe error: 109: file z:/build/build/src/ipc/chromium/src/chrome/common/ipc_channel_win.cc, line 346
[Child 7884, Chrome_ChildThread] WARNING: pipe error: 109: file z:/build/build/src/ipc/chromium/src/chrome/common/ipc_channel_win.cc, line 346
1542089416119	Marionette	INFO	Stopped listening on port 49742
[GPU 12252, Chrome_ChildThread] WARNING: pipe error: 109: file z:/build/build/src/ipc/chromium/src/chrome/common/ipc_channel_win.cc, line 346

###!!! [Child][MessageChannel::SendAndWait] Error: Channel error: cannot send/recv

tatic.com/5eN1bjq8AAUYm2zgoY3K/r/www/cache/static/protocol/https/plugins/every_cookie_4644b13.js, line 4: ReferenceError: c is not defined
1542089405126	Marionette	DEBUG	[6442450945] Received DOM event DOMContentLoaded for https://www.baidu.com/
1542089405232	Marionette	DEBUG	[6442450945] Received DOM event pageshow for https://www.baidu.com/
[Child 15100, Chrome_ChildThread] WARNING: pipe error: 232: file z:/build/build/src/ipc/chromium/src/chrome/common/ipc_channel_win.cc, line 513
[Child 15100, Chrome_ChildThread] WARNING: pipe error: 109: file z:/build/build/src/ipc/chromium/src/chrome/common/ipc_channel_win.cc, line 346
[Child 9812, Chrome_ChildThread] WARNING: pipe error: 109: file z:/build/build/src/ipc/chromium/src/chrome/common/ipc_channel_win.cc, line 346
[Child 9812, Chrome_ChildThread] WARNING: pipe error: 109: file z:/build/build/src/ipc/chromium/src/chrome/common/ipc_channel_win.cc, line 346
1542089413672	Marionette	INFO	Stopped listening on port 50018
[GPU 16756, Chrome_ChildThread] WARNING: pipe error: 109: file z:/build/build/src/ipc/chromium/src/chrome/common/ipc_channel_win.cc, line 346

###!!! [Child][MessageChannel::SendAndWait] Error: Channel error: cannot send/recv

